<?xml version="1.0" encoding="UTF-8"?>
<!-- Generated by org.testng.reporters.JUnitReportReporter -->
<testsuite skipped="0" hostname="Vikram-PC" name="com.imbb.testCases.TC02_UploadLogoTest" tests="1" failures="0" timestamp="21 Mar 2019 10:55:43 GMT" time="4.880" errors="0">
  <testcase name="uploadPicture" time="4.880" classname="com.imbb.testCases.TC02_UploadLogoTest"/>
</testsuite> <!-- com.imbb.testCases.TC02_UploadLogoTest -->
