<?xml version="1.0" encoding="UTF-8"?>
<!-- Generated by org.testng.reporters.JUnitReportReporter -->
<testsuite skipped="0" hostname="Vikram-PC" name="com.stackflow.testCases.TC02_UploadPhotoTest" tests="1" failures="0" timestamp="23 Mar 2019 19:41:27 GMT" time="51.772" errors="0">
  <testcase name="uploadPhotoCheck" time="51.772" classname="com.stackflow.testCases.TC02_UploadPhotoTest"/>
</testsuite> <!-- com.stackflow.testCases.TC02_UploadPhotoTest -->
